<?xml version="1.0" encoding="UTF-8"?>
<testsuite name="service.BookManagerTests" tests="1" skipped="0" failures="0" errors="0" timestamp="2025-03-19T08:32:43" hostname="archlinux" time="0.01">
  <properties/>
  <testcase name="testRemoveBook()" classname="service.BookManagerTests" time="0.01"/>
  <system-out><![CDATA[]]></system-out>
  <system-err><![CDATA[]]></system-err>
</testsuite>
